Agent pid 14534
Agent pid 15731
Agent pid 16161
Agent pid 16676
PING github.com (140.82.113.3) 56(84) bytes of data.
64 bytes from lb-140-82-113-3-iad.github.com (140.82.113.3): icmp_seq=1 ttl=49 time=97.7 ms

--- github.com ping statistics ---
1 packets transmitted, 1 received, 0% packet loss, time 0ms
rtt min/avg/max/mdev = 97.730/97.730/97.730/0.000 ms
Termux:API is not yet available on Google Play - see https://github.com/termux-play-store/termux-apps/issues/29 for updates
Termux:API is not yet available on Google Play - see https://github.com/termux-play-store/termux-apps/issues/29 for updates
Termux:API is not yet available on Google Play - see https://github.com/termux-play-store/termux-apps/issues/29 for updates
Termux:API is not yet available on Google Play - see https://github.com/termux-play-store/termux-apps/issues/29 for updates
Termux:API is not yet available on Google Play - see https://github.com/termux-play-store/termux-apps/issues/29 for updates
Termux:API is not yet available on Google Play - see https://github.com/termux-play-store/termux-apps/issues/29 for updates
2026-02-10 22:59:38 - 🚨 Watchdog started. Monitoring TCOIN scripts...
2026-02-10 22:59:38 - ⚠️ tcoin-integrity-guard.sh not running. Restarting...
2026-02-10 23:03:50 - 🚨 Watchdog started. Monitoring TCOIN scripts...
2026-02-10 23:03:50 - ⚠️ tcoin-integrity-guard.sh not running. Restarting...
2026-02-10 23:03:57 - ✅ tcoin-integrity-guard.sh restarted successfully (attempt 3)
