➡ Current branch: main
➡ Stashing uncommitted changes...
nohup: ignoring input
➡ Current branch: main
➡ Stashing uncommitted changes...
=== TCOIN auto-sync check: Tue Feb 10 20:51:48 EST 2026 ===
Network OK, syncing TCOIN...
➡ Current branch: main
➡ Stashing uncommitted changes...
Sync finished at Tue Feb 10 20:51:52 EST 2026
=== TCOIN auto-sync check: Tue Feb 10 20:54:36 EST 2026 ===
Network OK, syncing TCOIN...
➡ Current branch: main
➡ Stashing uncommitted changes...
Sync finished at Tue Feb 10 20:54:36 EST 2026
Network OK, syncing TCOIN at Tue Feb 10 20:57:25 EST 2026
➡ Current branch: main
➡ Stashing uncommitted changes...
Sync finished at Tue Feb 10 20:57:25 EST 2026
Network OK, syncing TCOIN at Tue Feb 10 21:00:29 EST 2026
➡ Current branch: main
➡ Stashing uncommitted changes...
Sync finished at Tue Feb 10 21:00:29 EST 2026
➡ Current branch: main
➡ Stashing uncommitted changes...
➡ Current branch: main
➡ Stashing uncommitted changes...
