TCOIN Watchdog started at Tue Feb 10 21:17:30 EST 2026
Tue Feb 10 21:17:30 EST 2026: Autosync not running. Restarting...
Tue Feb 10 21:18:33 EST 2026: Autosync not running. Restarting...
=== TCOIN Watchdog started at Tue Feb 10 21:20:30 EST 2026 ===
Tue Feb 10 21:20:30 EST 2026: Autosync not running. Restarting...
=== TCOIN Watchdog started at Tue Feb 10 21:51:55 EST 2026 ===
=== TCOIN Watchdog started at Tue Feb 10 21:52:43 EST 2026 ===
Tue Feb 10 21:52:43 EST 2026: Autosync not running. Restarting...
=== TCOIN Watchdog started at Tue Feb 10 21:55:29 EST 2026 ===
=== TCOIN Watchdog started at Tue Feb 10 21:55:59 EST 2026 ===
Tue Feb 10 21:56:04 EST 2026: Autosync not running. Restarting...
Tue Feb 10 22:58:02 EST 2026: Restart window reset.
2026-02-10 22:59:38 - 🚨 Watchdog started. Monitoring TCOIN scripts...
2026-02-10 22:59:38 - ⚠️ tcoin-integrity-guard.sh not running. Restarting...
2026-02-10 23:00:16 - 🚨 Watchdog started. Monitoring TCOIN scripts...
2026-02-10 23:00:16 - ⚠️ tcoin-integrity-guard.sh not running. Restarting...
2026-02-10 23:01:00 - 🚨 Watchdog started. Monitoring TCOIN scripts...
2026-02-10 23:01:00 - ⚠️ tcoin-integrity-guard.sh not running. Restarting...
2026-02-10 23:02:00 - ⚠️ tcoin-autosync-auto.sh not running. Restarting...
2026-02-10 23:02:01 - ⚠️ tcoin-integrity-guard.sh not running. Restarting...
2026-02-10 23:03:02 - ⚠️ tcoin-integrity-guard.sh not running. Restarting...
2026-02-10 23:03:50 - 🚨 Watchdog started. Monitoring TCOIN scripts...
2026-02-10 23:03:50 - ⚠️ tcoin-integrity-guard.sh not running. Restarting...
2026-02-10 23:03:57 - ✅ tcoin-integrity-guard.sh restarted successfully (attempt 3)
2026-02-10 23:04:07 - 🚨 Watchdog started. Monitoring TCOIN scripts...
2026-02-10 23:04:07 - ⚠️ tcoin-integrity-guard.sh not running. Restarting...
2026-02-10 23:05:14 - ⚠️ tcoin-autosync-auto.sh not running. Restarting...
2026-02-10 23:05:17 - ✅ tcoin-autosync-auto.sh restarted successfully (attempt 1)
2026-02-10 23:05:18 - ⚠️ tcoin-integrity-guard.sh not running. Restarting...
